info it worked if it ends with ok
verbose cli [ 'node', '/usr/bin/npm', 'install', '-g', '.' ]
info using npm@1.0.6
info using node@v0.4.7
verbose config file /root/.npmrc
verbose config file /usr/etc/npmrc
verbose into /usr/lib [ '.' ]
verbose cache add [ '.', null ]
verbose has wscript [ undefined,
verbose has wscript   { file: 'package.json',
verbose has wscript     contributors: false,
verbose has wscript     serverjs: false,
verbose has wscript     wscript: true } ]
silly testEngine { name: 'geoip',
silly testEngine   description: 'GeoIP client for node',
silly testEngine   version: '0.4.0pre',
silly testEngine   homepage: '',
silly testEngine   author: 
silly testEngine    { name: 'Guan \'kuno\' Qing',
silly testEngine      email: 'neokuno at Gmail dot com' },
silly testEngine   contributors: 
silly testEngine    [ { name: 'Vladimir Dronnikov',
silly testEngine        email: 'dronnikov@gmail.com' },
silly testEngine      { name: 'Konstantin K채fer',
silly testEngine        email: 'github@kkaefer.com' } ],
silly testEngine   repository: 
silly testEngine    { type: 'git',
silly testEngine      url: 'git://github.com/kuno/GeoIP.git' },
silly testEngine   bugs: 
silly testEngine    { email: 'neokuno@gmail.com',
silly testEngine      url: 'http://github.com/kuno/GeoIP/issues' },
silly testEngine   main: 'index.js',
silly testEngine   directory: 
silly testEngine    { src: './src',
silly testEngine      doc: './doc',
silly testEngine      lib: './lib',
silly testEngine      test: './test',
silly testEngine      misc: './misc',
silly testEngine      sample: './sample',
silly testEngine      benchmark: './benchmark' },
silly testEngine   engine: { node: '>=0.4.0', npm: '1' },
silly testEngine   script: 
silly testEngine    { preinstall: 'node-waf configure build link',
silly testEngine      test: '' },
silly testEngine   licences: 
silly testEngine    [ { type: 'LGPL2.1',
silly testEngine        url: 'http://www.gnu.org/licenses/lgpl-2.1.txt' } ],
silly testEngine   scripts: { preinstall: 'node-waf clean || true; node-waf configure build' },
silly testEngine   dependencies: {},
silly testEngine   devDependencies: {},
silly testEngine   _id: 'geoip@0.4.0pre',
silly testEngine   engines: { node: '*' },
silly testEngine   _engineSupported: true,
silly testEngine   _npmVersion: '1.0.6',
silly testEngine   _nodeVersion: 'v0.4.7',
silly testEngine   _defaultsLoaded: true }
verbose caching package.json
verbose loadDefaults geoip@0.4.0pre
verbose pack /home/kuno/harbour/geoip /tmp/npm-1304987537257/1304987537257-0.33592584053985775/tmp.tgz
verbose has wscript [ undefined,
verbose has wscript   { file: '/home/kuno/harbour/geoip/package.json',
verbose has wscript     contributors: false,
verbose has wscript     serverjs: false,
verbose has wscript     wscript: true } ]
silly testEngine { name: 'geoip',
silly testEngine   description: 'GeoIP client for node',
silly testEngine   version: '0.4.0pre',
silly testEngine   homepage: '',
silly testEngine   author: 
silly testEngine    { name: 'Guan \'kuno\' Qing',
silly testEngine      email: 'neokuno at Gmail dot com' },
silly testEngine   contributors: 
silly testEngine    [ { name: 'Vladimir Dronnikov',
silly testEngine        email: 'dronnikov@gmail.com' },
silly testEngine      { name: 'Konstantin K채fer',
silly testEngine        email: 'github@kkaefer.com' } ],
silly testEngine   repository: 
silly testEngine    { type: 'git',
silly testEngine      url: 'git://github.com/kuno/GeoIP.git' },
silly testEngine   bugs: 
silly testEngine    { email: 'neokuno@gmail.com',
silly testEngine      url: 'http://github.com/kuno/GeoIP/issues' },
silly testEngine   main: 'index.js',
silly testEngine   directory: 
silly testEngine    { src: './src',
silly testEngine      doc: './doc',
silly testEngine      lib: './lib',
silly testEngine      test: './test',
silly testEngine      misc: './misc',
silly testEngine      sample: './sample',
silly testEngine      benchmark: './benchmark' },
silly testEngine   engine: { node: '>=0.4.0', npm: '1' },
silly testEngine   script: 
silly testEngine    { preinstall: 'node-waf configure build link',
silly testEngine      test: '' },
silly testEngine   licences: 
silly testEngine    [ { type: 'LGPL2.1',
silly testEngine        url: 'http://www.gnu.org/licenses/lgpl-2.1.txt' } ],
silly testEngine   scripts: { preinstall: 'node-waf clean || true; node-waf configure build' },
silly testEngine   dependencies: {},
silly testEngine   devDependencies: {},
silly testEngine   _id: 'geoip@0.4.0pre',
silly testEngine   engines: { node: '*' },
silly testEngine   _engineSupported: true,
silly testEngine   _npmVersion: '1.0.6',
silly testEngine   _nodeVersion: 'v0.4.7',
silly testEngine   _defaultsLoaded: true,
silly testEngine   path: '/home/kuno/harbour/geoip' }
verbose caching /home/kuno/harbour/geoip/package.json
verbose loadDefaults geoip@0.4.0pre
verbose mkdir done: /tmp/npm-1304987537257/1304987537257-0.33592584053985775 755
verbose mkdir'ed /tmp/npm-1304987537257/1304987537257-0.33592584053985775
verbose tar about to write tar and gzip it.
silly tar args [ '-cvf',
silly tar args   '-',
silly tar args   'geoip/.npmignore',
silly tar args   'geoip/package.json',
silly tar args   'geoip/wscript',
silly tar args   'geoip/LICENCE',
silly tar args   'geoip/index.js',
silly tar args   'geoip/.gitignore',
silly tar args   'geoip/geoip.node',
silly tar args   'geoip/doc/city.md',
silly tar args   'geoip/doc/netspeed.md',
silly tar args   'geoip/doc/doc_header.html',
silly tar args   'geoip/doc/doc_tail.html',
silly tar args   'geoip/doc/org.md',
silly tar args   'geoip/doc/country.md',
silly tar args   'geoip/doc/region.md',
silly tar args   'geoip/benchmark/region.js',
silly tar args   'geoip/benchmark/netspeed.js',
silly tar args   'geoip/benchmark/city.js',
silly tar args   'geoip/benchmark/org.js',
silly tar args   'geoip/benchmark/test.js',
silly tar args   'geoip/benchmark/country.js',
silly tar args   'geoip/benchmark/city.coffee',
silly tar args   'geoip/benchmark/index.coffee',
silly tar args   'geoip/benchmark/city.old.js',
silly tar args   'geoip/sample/sample.js',
silly tar args   'geoip/test/region.js',
silly tar args   'geoip/test/utils.js',
silly tar args   'geoip/test/netspeed.js',
silly tar args   'geoip/test/city.js',
silly tar args   'geoip/test/org.js',
silly tar args   'geoip/test/core',
silly tar args   'geoip/test/neco_test.sh',
silly tar args   'geoip/test/country.js',
silly tar args   'geoip/test/test.sh',
silly tar args   'geoip/src/test.cc',
silly tar args   'geoip/src/region.h',
silly tar args   'geoip/src/country.cc',
silly tar args   'geoip/src/test.h',
silly tar args   'geoip/src/utils.h',
silly tar args   'geoip/src/region.cc',
silly tar args   'geoip/src/netspeed.h',
silly tar args   'geoip/src/city.h',
silly tar args   'geoip/src/country.h',
silly tar args   'geoip/src/init.cc',
silly tar args   'geoip/src/org.h',
silly tar args   'geoip/src/org.cc',
silly tar args   'geoip/src/netspeed.cc',
silly tar args   'geoip/src/utils.cc',
silly tar args   'geoip/src/city.cc',
silly tar args   'geoip/src/node_geoip.h',
silly tar args   'geoip/build/.wafpickle-7',
silly tar args   'geoip/build/config.log',
silly tar args   'geoip/build/c4che/build.config.py',
silly tar args   'geoip/build/c4che/default.cache.py',
silly tar args   'geoip/build/default/geoip.node',
silly tar args   'geoip/build/default/src/org_1.o',
silly tar args   'geoip/build/default/src/init_1.o',
silly tar args   'geoip/build/default/src/country_1.o',
silly tar args   'geoip/build/default/src/test_1.o',
silly tar args   'geoip/build/default/src/utils_1.o',
silly tar args   'geoip/build/default/src/city_1.o',
silly tar args   'geoip/build/default/src/region_1.o',
silly tar args   'geoip/build/default/src/netspeed_1.o' ]
verbose success tar -cvf - <file list elided>
verbose success gzip "--stdout"
verbose mkdir done: /tmp/npm-1304987537257/1304987537257-0.33592584053985775/contents/___package.npm 755
verbose unpack_ uid, gid [ 0, 0 ]
verbose unpackTarget /tmp/npm-1304987537257/1304987537257-0.33592584053985775/contents/package
silly gunzTarPerm modes [ '755', '644' ]
verbose success gzip "--decompress" "--stdout" "/tmp/npm-1304987537257/1304987537257-0.33592584053985775/tmp.tgz"
verbose success tar "-mvxpf" "-" "--no-same-owner" "-C" "/tmp/npm-1304987537257/1304987537257-0.33592584053985775/contents/___package.npm"
silly asyncMap in gTP /tmp/npm-1304987537257/1304987537257-0.33592584053985775/contents/___package.npm/geoip/
silly asyncMap in gTP /tmp/npm-1304987537257/1304987537257-0.33592584053985775/contents/___package.npm/geoip/LICENCE
silly asyncMap in gTP /tmp/npm-1304987537257/1304987537257-0.33592584053985775/contents/___package.npm/geoip/.gitignore
silly asyncMap in gTP /tmp/npm-1304987537257/1304987537257-0.33592584053985775/contents/___package.npm/geoip/.npmignore
silly asyncMap in gTP /tmp/npm-1304987537257/1304987537257-0.33592584053985775/contents/___package.npm/geoip/wscript
silly asyncMap in gTP /tmp/npm-1304987537257/1304987537257-0.33592584053985775/contents/___package.npm/geoip/geoip.node
silly asyncMap in gTP /tmp/npm-1304987537257/1304987537257-0.33592584053985775/contents/___package.npm/geoip/package.json
silly asyncMap in gTP /tmp/npm-1304987537257/1304987537257-0.33592584053985775/contents/___package.npm/geoip/index.js
silly asyncMap in gTP /tmp/npm-1304987537257/1304987537257-0.33592584053985775/contents/___package.npm/geoip/src/
silly asyncMap in gTP /tmp/npm-1304987537257/1304987537257-0.33592584053985775/contents/___package.npm/geoip/src/utils.cc
silly asyncMap in gTP /tmp/npm-1304987537257/1304987537257-0.33592584053985775/contents/___package.npm/geoip/src/utils.h
silly asyncMap in gTP /tmp/npm-1304987537257/1304987537257-0.33592584053985775/contents/___package.npm/geoip/src/netspeed.h
silly asyncMap in gTP /tmp/npm-1304987537257/1304987537257-0.33592584053985775/contents/___package.npm/geoip/src/region.h
silly asyncMap in gTP /tmp/npm-1304987537257/1304987537257-0.33592584053985775/contents/___package.npm/geoip/src/city.h
silly asyncMap in gTP /tmp/npm-1304987537257/1304987537257-0.33592584053985775/contents/___package.npm/geoip/src/init.cc
silly asyncMap in gTP /tmp/npm-1304987537257/1304987537257-0.33592584053985775/contents/___package.npm/geoip/src/country.h
silly asyncMap in gTP /tmp/npm-1304987537257/1304987537257-0.33592584053985775/contents/___package.npm/geoip/src/node_geoip.h
silly asyncMap in gTP /tmp/npm-1304987537257/1304987537257-0.33592584053985775/contents/___package.npm/geoip/src/region.cc
silly asyncMap in gTP /tmp/npm-1304987537257/1304987537257-0.33592584053985775/contents/___package.npm/geoip/src/country.cc
silly asyncMap in gTP /tmp/npm-1304987537257/1304987537257-0.33592584053985775/contents/___package.npm/geoip/src/org.h
silly asyncMap in gTP /tmp/npm-1304987537257/1304987537257-0.33592584053985775/contents/___package.npm/geoip/src/test.cc
silly asyncMap in gTP /tmp/npm-1304987537257/1304987537257-0.33592584053985775/contents/___package.npm/geoip/src/test.h
silly asyncMap in gTP /tmp/npm-1304987537257/1304987537257-0.33592584053985775/contents/___package.npm/geoip/src/netspeed.cc
silly asyncMap in gTP /tmp/npm-1304987537257/1304987537257-0.33592584053985775/contents/___package.npm/geoip/src/org.cc
silly asyncMap in gTP /tmp/npm-1304987537257/1304987537257-0.33592584053985775/contents/___package.npm/geoip/src/city.cc
silly asyncMap in gTP /tmp/npm-1304987537257/1304987537257-0.33592584053985775/contents/___package.npm/geoip/doc/
silly asyncMap in gTP /tmp/npm-1304987537257/1304987537257-0.33592584053985775/contents/___package.npm/geoip/doc/netspeed.md
silly asyncMap in gTP /tmp/npm-1304987537257/1304987537257-0.33592584053985775/contents/___package.npm/geoip/doc/region.md
silly asyncMap in gTP /tmp/npm-1304987537257/1304987537257-0.33592584053985775/contents/___package.npm/geoip/doc/city.md
silly asyncMap in gTP /tmp/npm-1304987537257/1304987537257-0.33592584053985775/contents/___package.npm/geoip/doc/org.md
silly asyncMap in gTP /tmp/npm-1304987537257/1304987537257-0.33592584053985775/contents/___package.npm/geoip/doc/country.md
silly asyncMap in gTP /tmp/npm-1304987537257/1304987537257-0.33592584053985775/contents/___package.npm/geoip/doc/doc_tail.html
silly asyncMap in gTP /tmp/npm-1304987537257/1304987537257-0.33592584053985775/contents/___package.npm/geoip/doc/doc_header.html
silly asyncMap in gTP /tmp/npm-1304987537257/1304987537257-0.33592584053985775/contents/___package.npm/geoip/sample/
silly asyncMap in gTP /tmp/npm-1304987537257/1304987537257-0.33592584053985775/contents/___package.npm/geoip/sample/sample.js
silly asyncMap in gTP /tmp/npm-1304987537257/1304987537257-0.33592584053985775/contents/___package.npm/geoip/test/
silly asyncMap in gTP /tmp/npm-1304987537257/1304987537257-0.33592584053985775/contents/___package.npm/geoip/test/utils.js
silly asyncMap in gTP /tmp/npm-1304987537257/1304987537257-0.33592584053985775/contents/___package.npm/geoip/test/netspeed.js
silly asyncMap in gTP /tmp/npm-1304987537257/1304987537257-0.33592584053985775/contents/___package.npm/geoip/test/region.js
silly asyncMap in gTP /tmp/npm-1304987537257/1304987537257-0.33592584053985775/contents/___package.npm/geoip/test/city.js
silly asyncMap in gTP /tmp/npm-1304987537257/1304987537257-0.33592584053985775/contents/___package.npm/geoip/test/core
silly asyncMap in gTP /tmp/npm-1304987537257/1304987537257-0.33592584053985775/contents/___package.npm/geoip/test/test.sh
silly asyncMap in gTP /tmp/npm-1304987537257/1304987537257-0.33592584053985775/contents/___package.npm/geoip/test/org.js
silly asyncMap in gTP /tmp/npm-1304987537257/1304987537257-0.33592584053985775/contents/___package.npm/geoip/test/neco_test.sh
silly asyncMap in gTP /tmp/npm-1304987537257/1304987537257-0.33592584053985775/contents/___package.npm/geoip/test/country.js
silly asyncMap in gTP /tmp/npm-1304987537257/1304987537257-0.33592584053985775/contents/___package.npm/geoip/benchmark/
silly asyncMap in gTP /tmp/npm-1304987537257/1304987537257-0.33592584053985775/contents/___package.npm/geoip/benchmark/test.js
silly asyncMap in gTP /tmp/npm-1304987537257/1304987537257-0.33592584053985775/contents/___package.npm/geoip/benchmark/index.coffee
silly asyncMap in gTP /tmp/npm-1304987537257/1304987537257-0.33592584053985775/contents/___package.npm/geoip/benchmark/city.old.js
silly asyncMap in gTP /tmp/npm-1304987537257/1304987537257-0.33592584053985775/contents/___package.npm/geoip/benchmark/city.coffee
silly asyncMap in gTP /tmp/npm-1304987537257/1304987537257-0.33592584053985775/contents/___package.npm/geoip/benchmark/netspeed.js
silly asyncMap in gTP /tmp/npm-1304987537257/1304987537257-0.33592584053985775/contents/___package.npm/geoip/benchmark/region.js
silly asyncMap in gTP /tmp/npm-1304987537257/1304987537257-0.33592584053985775/contents/___package.npm/geoip/benchmark/city.js
silly asyncMap in gTP /tmp/npm-1304987537257/1304987537257-0.33592584053985775/contents/___package.npm/geoip/benchmark/org.js
silly asyncMap in gTP /tmp/npm-1304987537257/1304987537257-0.33592584053985775/contents/___package.npm/geoip/benchmark/country.js
silly asyncMap in gTP /tmp/npm-1304987537257/1304987537257-0.33592584053985775/contents/___package.npm/geoip/build/
silly asyncMap in gTP /tmp/npm-1304987537257/1304987537257-0.33592584053985775/contents/___package.npm/geoip/build/.wafpickle-7
silly asyncMap in gTP /tmp/npm-1304987537257/1304987537257-0.33592584053985775/contents/___package.npm/geoip/build/config.log
silly asyncMap in gTP /tmp/npm-1304987537257/1304987537257-0.33592584053985775/contents/___package.npm/geoip/build/c4che/
silly asyncMap in gTP /tmp/npm-1304987537257/1304987537257-0.33592584053985775/contents/___package.npm/geoip/build/c4che/default.cache.py
silly asyncMap in gTP /tmp/npm-1304987537257/1304987537257-0.33592584053985775/contents/___package.npm/geoip/build/c4che/build.config.py
silly asyncMap in gTP /tmp/npm-1304987537257/1304987537257-0.33592584053985775/contents/___package.npm/geoip/build/default/
silly asyncMap in gTP /tmp/npm-1304987537257/1304987537257-0.33592584053985775/contents/___package.npm/geoip/build/default/geoip.node
silly asyncMap in gTP /tmp/npm-1304987537257/1304987537257-0.33592584053985775/contents/___package.npm/geoip/build/default/src/
silly asyncMap in gTP /tmp/npm-1304987537257/1304987537257-0.33592584053985775/contents/___package.npm/geoip/build/default/src/city_1.o
silly asyncMap in gTP /tmp/npm-1304987537257/1304987537257-0.33592584053985775/contents/___package.npm/geoip/build/default/src/init_1.o
silly asyncMap in gTP /tmp/npm-1304987537257/1304987537257-0.33592584053985775/contents/___package.npm/geoip/build/default/src/utils_1.o
silly asyncMap in gTP /tmp/npm-1304987537257/1304987537257-0.33592584053985775/contents/___package.npm/geoip/build/default/src/test_1.o
silly asyncMap in gTP /tmp/npm-1304987537257/1304987537257-0.33592584053985775/contents/___package.npm/geoip/build/default/src/org_1.o
silly asyncMap in gTP /tmp/npm-1304987537257/1304987537257-0.33592584053985775/contents/___package.npm/geoip/build/default/src/country_1.o
silly asyncMap in gTP /tmp/npm-1304987537257/1304987537257-0.33592584053985775/contents/___package.npm/geoip/build/default/src/netspeed_1.o
silly asyncMap in gTP /tmp/npm-1304987537257/1304987537257-0.33592584053985775/contents/___package.npm/geoip/build/default/src/region_1.o
silly chmod .gitignore 644
silly chmod .npmignore 644
silly chmod wscript 644
silly chmod package.json 644
silly chmod index.js 644
silly chmod utils.cc 644
silly chmod utils.h 644
silly chmod netspeed.h 644
silly chmod region.h 644
silly chmod city.h 644
silly chmod init.cc 644
silly chmod country.h 644
silly chmod node_geoip.h 644
silly chmod region.cc 644
silly chmod country.cc 644
silly chmod org.h 644
silly chmod test.cc 644
silly chmod test.h 644
silly chmod netspeed.cc 644
silly chmod org.cc 644
silly chmod city.cc 644
silly chmod netspeed.md 644
silly chmod region.md 644
silly chmod city.md 644
silly chmod org.md 644
silly chmod country.md 644
silly chmod doc_tail.html 644
silly chmod doc_header.html 644
silly chmod netspeed.js 644
silly chmod region.js 644
silly chmod city.js 644
silly chmod core 644
silly chmod test.sh 755
silly chmod org.js 644
silly chmod neco_test.sh 755
silly chmod country.js 644
silly chmod test.js 755
silly chmod index.coffee 644
silly chmod city.old.js 755
silly chmod city.coffee 755
silly chmod netspeed.js 755
silly chmod region.js 755
silly chmod city.js 755
silly chmod org.js 755
silly chmod country.js 755
silly chmod .wafpickle-7 644
silly chmod config.log 644
silly chmod default.cache.py 644
silly chmod build.config.py 644
silly chmod geoip.node 755
silly chmod city_1.o 644
silly chmod init_1.o 644
silly chmod utils_1.o 644
silly chmod test_1.o 644
silly chmod org_1.o 644
silly chmod country_1.o 644
silly chmod netspeed_1.o 644
silly chmod region_1.o 644
verbose gunzed /tmp/npm-1304987537257/1304987537257-0.33592584053985775/contents/___package.npm/geoip
verbose rm'ed /tmp/npm-1304987537257/1304987537257-0.33592584053985775/contents/package
verbose renamed [ '/tmp/npm-1304987537257/1304987537257-0.33592584053985775/contents/___package.npm/geoip',
verbose renamed   '/tmp/npm-1304987537257/1304987537257-0.33592584053985775/contents/package' ]
verbose has wscript [ undefined,
verbose has wscript   { file: '/tmp/npm-1304987537257/1304987537257-0.33592584053985775/contents/package/package.json',
verbose has wscript     contributors: false,
verbose has wscript     serverjs: false,
verbose has wscript     wscript: true } ]
silly testEngine { name: 'geoip',
silly testEngine   description: 'GeoIP client for node',
silly testEngine   version: '0.4.0pre',
silly testEngine   homepage: '',
silly testEngine   author: 
silly testEngine    { name: 'Guan \'kuno\' Qing',
silly testEngine      email: 'neokuno at Gmail dot com' },
silly testEngine   contributors: 
silly testEngine    [ { name: 'Vladimir Dronnikov',
silly testEngine        email: 'dronnikov@gmail.com' },
silly testEngine      { name: 'Konstantin K채fer',
silly testEngine        email: 'github@kkaefer.com' } ],
silly testEngine   repository: 
silly testEngine    { type: 'git',
silly testEngine      url: 'git://github.com/kuno/GeoIP.git' },
silly testEngine   bugs: 
silly testEngine    { email: 'neokuno@gmail.com',
silly testEngine      url: 'http://github.com/kuno/GeoIP/issues' },
silly testEngine   main: 'index.js',
silly testEngine   directory: 
silly testEngine    { src: './src',
silly testEngine      doc: './doc',
silly testEngine      lib: './lib',
silly testEngine      test: './test',
silly testEngine      misc: './misc',
silly testEngine      sample: './sample',
silly testEngine      benchmark: './benchmark' },
silly testEngine   engine: { node: '>=0.4.0', npm: '1' },
silly testEngine   script: 
silly testEngine    { preinstall: 'node-waf configure build link',
silly testEngine      test: '' },
silly testEngine   licences: 
silly testEngine    [ { type: 'LGPL2.1',
silly testEngine        url: 'http://www.gnu.org/licenses/lgpl-2.1.txt' } ],
silly testEngine   scripts: { preinstall: 'node-waf clean || true; node-waf configure build' },
silly testEngine   dependencies: {},
silly testEngine   devDependencies: {},
silly testEngine   _id: 'geoip@0.4.0pre',
silly testEngine   engines: { node: '*' },
silly testEngine   _engineSupported: true,
silly testEngine   _npmVersion: '1.0.6',
silly testEngine   _nodeVersion: 'v0.4.7',
silly testEngine   _defaultsLoaded: true,
silly testEngine   path: '/tmp/npm-1304987537257/1304987537257-0.33592584053985775/contents/package' }
verbose caching /tmp/npm-1304987537257/1304987537257-0.33592584053985775/contents/package/package.json
verbose loadDefaults geoip@0.4.0pre
verbose tarball contents [ 'package' ]
verbose from cache /tmp/npm-1304987537257/1304987537257-0.33592584053985775/contents/package/package.json
verbose pack /tmp/npm-1304987537257/1304987537257-0.33592584053985775/contents/package /root/.npm/geoip/0.4.0pre/package.tgz
verbose from cache /tmp/npm-1304987537257/1304987537257-0.33592584053985775/contents/package/package.json
verbose mkdir'ed /root/.npm/geoip/0.4.0pre
verbose tar about to write tar and gzip it.
silly tar args [ '-cvf',
silly tar args   '-',
silly tar args   'package/LICENCE',
silly tar args   'package/.gitignore',
silly tar args   'package/.npmignore',
silly tar args   'package/wscript',
silly tar args   'package/package.json',
silly tar args   'package/index.js',
silly tar args   'package/src/utils.cc',
silly tar args   'package/src/utils.h',
silly tar args   'package/src/netspeed.h',
silly tar args   'package/src/region.h',
silly tar args   'package/src/city.h',
silly tar args   'package/src/init.cc',
silly tar args   'package/src/country.h',
silly tar args   'package/src/node_geoip.h',
silly tar args   'package/src/region.cc',
silly tar args   'package/src/country.cc',
silly tar args   'package/src/org.h',
silly tar args   'package/src/test.cc',
silly tar args   'package/src/test.h',
silly tar args   'package/src/netspeed.cc',
silly tar args   'package/src/org.cc',
silly tar args   'package/src/city.cc',
silly tar args   'package/doc/netspeed.md',
silly tar args   'package/doc/region.md',
silly tar args   'package/doc/city.md',
silly tar args   'package/doc/org.md',
silly tar args   'package/doc/country.md',
silly tar args   'package/doc/doc_tail.html',
silly tar args   'package/doc/doc_header.html',
silly tar args   'package/sample/sample.js',
silly tar args   'package/test/utils.js',
silly tar args   'package/test/netspeed.js',
silly tar args   'package/test/region.js',
silly tar args   'package/test/city.js',
silly tar args   'package/test/core',
silly tar args   'package/test/test.sh',
silly tar args   'package/test/org.js',
silly tar args   'package/test/neco_test.sh',
silly tar args   'package/test/country.js',
silly tar args   'package/benchmark/test.js',
silly tar args   'package/benchmark/index.coffee',
silly tar args   'package/benchmark/city.old.js',
silly tar args   'package/benchmark/city.coffee',
silly tar args   'package/benchmark/netspeed.js',
silly tar args   'package/benchmark/region.js',
silly tar args   'package/benchmark/city.js',
silly tar args   'package/benchmark/org.js',
silly tar args   'package/benchmark/country.js',
silly tar args   'package/build/.wafpickle-7',
silly tar args   'package/build/config.log',
silly tar args   'package/build/c4che/default.cache.py',
silly tar args   'package/build/c4che/build.config.py',
silly tar args   'package/build/default/geoip.node',
silly tar args   'package/build/default/src/city_1.o',
silly tar args   'package/build/default/src/init_1.o',
silly tar args   'package/build/default/src/utils_1.o',
silly tar args   'package/build/default/src/test_1.o',
silly tar args   'package/build/default/src/org_1.o',
silly tar args   'package/build/default/src/country_1.o',
silly tar args   'package/build/default/src/netspeed_1.o',
silly tar args   'package/build/default/src/region_1.o' ]
verbose success tar -cvf - <file list elided>
verbose success gzip "--stdout"
verbose unpack_ uid, gid [ 0, 0 ]
verbose unpackTarget /root/.npm/geoip/0.4.0pre/package
silly gunzTarPerm modes [ '755', '644' ]
verbose success gzip "--decompress" "--stdout" "/root/.npm/geoip/0.4.0pre/package.tgz"
verbose success tar "-mvxpf" "-" "--no-same-owner" "-C" "/root/.npm/geoip/0.4.0pre/___package.npm"
silly asyncMap in gTP /root/.npm/geoip/0.4.0pre/___package.npm/package/
silly asyncMap in gTP /root/.npm/geoip/0.4.0pre/___package.npm/package/LICENCE
silly asyncMap in gTP /root/.npm/geoip/0.4.0pre/___package.npm/package/.gitignore
silly asyncMap in gTP /root/.npm/geoip/0.4.0pre/___package.npm/package/.npmignore
silly asyncMap in gTP /root/.npm/geoip/0.4.0pre/___package.npm/package/wscript
silly asyncMap in gTP /root/.npm/geoip/0.4.0pre/___package.npm/package/package.json
silly asyncMap in gTP /root/.npm/geoip/0.4.0pre/___package.npm/package/index.js
silly asyncMap in gTP /root/.npm/geoip/0.4.0pre/___package.npm/package/src/
silly asyncMap in gTP /root/.npm/geoip/0.4.0pre/___package.npm/package/src/utils.cc
silly asyncMap in gTP /root/.npm/geoip/0.4.0pre/___package.npm/package/src/utils.h
silly asyncMap in gTP /root/.npm/geoip/0.4.0pre/___package.npm/package/src/netspeed.h
silly asyncMap in gTP /root/.npm/geoip/0.4.0pre/___package.npm/package/src/region.h
silly asyncMap in gTP /root/.npm/geoip/0.4.0pre/___package.npm/package/src/city.h
silly asyncMap in gTP /root/.npm/geoip/0.4.0pre/___package.npm/package/src/init.cc
silly asyncMap in gTP /root/.npm/geoip/0.4.0pre/___package.npm/package/src/country.h
silly asyncMap in gTP /root/.npm/geoip/0.4.0pre/___package.npm/package/src/node_geoip.h
silly asyncMap in gTP /root/.npm/geoip/0.4.0pre/___package.npm/package/src/region.cc
silly asyncMap in gTP /root/.npm/geoip/0.4.0pre/___package.npm/package/src/country.cc
silly asyncMap in gTP /root/.npm/geoip/0.4.0pre/___package.npm/package/src/org.h
silly asyncMap in gTP /root/.npm/geoip/0.4.0pre/___package.npm/package/src/test.cc
silly asyncMap in gTP /root/.npm/geoip/0.4.0pre/___package.npm/package/src/test.h
silly asyncMap in gTP /root/.npm/geoip/0.4.0pre/___package.npm/package/src/netspeed.cc
silly asyncMap in gTP /root/.npm/geoip/0.4.0pre/___package.npm/package/src/org.cc
silly asyncMap in gTP /root/.npm/geoip/0.4.0pre/___package.npm/package/src/city.cc
silly asyncMap in gTP /root/.npm/geoip/0.4.0pre/___package.npm/package/doc/
silly asyncMap in gTP /root/.npm/geoip/0.4.0pre/___package.npm/package/doc/netspeed.md
silly asyncMap in gTP /root/.npm/geoip/0.4.0pre/___package.npm/package/doc/region.md
silly asyncMap in gTP /root/.npm/geoip/0.4.0pre/___package.npm/package/doc/city.md
silly asyncMap in gTP /root/.npm/geoip/0.4.0pre/___package.npm/package/doc/org.md
silly asyncMap in gTP /root/.npm/geoip/0.4.0pre/___package.npm/package/doc/country.md
silly asyncMap in gTP /root/.npm/geoip/0.4.0pre/___package.npm/package/doc/doc_tail.html
silly asyncMap in gTP /root/.npm/geoip/0.4.0pre/___package.npm/package/doc/doc_header.html
silly asyncMap in gTP /root/.npm/geoip/0.4.0pre/___package.npm/package/sample/
silly asyncMap in gTP /root/.npm/geoip/0.4.0pre/___package.npm/package/sample/sample.js
silly asyncMap in gTP /root/.npm/geoip/0.4.0pre/___package.npm/package/test/
silly asyncMap in gTP /root/.npm/geoip/0.4.0pre/___package.npm/package/test/utils.js
silly asyncMap in gTP /root/.npm/geoip/0.4.0pre/___package.npm/package/test/netspeed.js
silly asyncMap in gTP /root/.npm/geoip/0.4.0pre/___package.npm/package/test/region.js
silly asyncMap in gTP /root/.npm/geoip/0.4.0pre/___package.npm/package/test/city.js
silly asyncMap in gTP /root/.npm/geoip/0.4.0pre/___package.npm/package/test/core
silly asyncMap in gTP /root/.npm/geoip/0.4.0pre/___package.npm/package/test/test.sh
silly asyncMap in gTP /root/.npm/geoip/0.4.0pre/___package.npm/package/test/org.js
silly asyncMap in gTP /root/.npm/geoip/0.4.0pre/___package.npm/package/test/neco_test.sh
silly asyncMap in gTP /root/.npm/geoip/0.4.0pre/___package.npm/package/test/country.js
silly asyncMap in gTP /root/.npm/geoip/0.4.0pre/___package.npm/package/benchmark/
silly asyncMap in gTP /root/.npm/geoip/0.4.0pre/___package.npm/package/benchmark/test.js
silly asyncMap in gTP /root/.npm/geoip/0.4.0pre/___package.npm/package/benchmark/index.coffee
silly asyncMap in gTP /root/.npm/geoip/0.4.0pre/___package.npm/package/benchmark/city.old.js
silly asyncMap in gTP /root/.npm/geoip/0.4.0pre/___package.npm/package/benchmark/city.coffee
silly asyncMap in gTP /root/.npm/geoip/0.4.0pre/___package.npm/package/benchmark/netspeed.js
silly asyncMap in gTP /root/.npm/geoip/0.4.0pre/___package.npm/package/benchmark/region.js
silly asyncMap in gTP /root/.npm/geoip/0.4.0pre/___package.npm/package/benchmark/city.js
silly asyncMap in gTP /root/.npm/geoip/0.4.0pre/___package.npm/package/benchmark/org.js
silly asyncMap in gTP /root/.npm/geoip/0.4.0pre/___package.npm/package/benchmark/country.js
silly asyncMap in gTP /root/.npm/geoip/0.4.0pre/___package.npm/package/build/
silly asyncMap in gTP /root/.npm/geoip/0.4.0pre/___package.npm/package/build/.wafpickle-7
silly asyncMap in gTP /root/.npm/geoip/0.4.0pre/___package.npm/package/build/config.log
silly asyncMap in gTP /root/.npm/geoip/0.4.0pre/___package.npm/package/build/c4che/
silly asyncMap in gTP /root/.npm/geoip/0.4.0pre/___package.npm/package/build/c4che/default.cache.py
silly asyncMap in gTP /root/.npm/geoip/0.4.0pre/___package.npm/package/build/c4che/build.config.py
silly asyncMap in gTP /root/.npm/geoip/0.4.0pre/___package.npm/package/build/default/
silly asyncMap in gTP /root/.npm/geoip/0.4.0pre/___package.npm/package/build/default/geoip.node
silly asyncMap in gTP /root/.npm/geoip/0.4.0pre/___package.npm/package/build/default/src/
silly asyncMap in gTP /root/.npm/geoip/0.4.0pre/___package.npm/package/build/default/src/city_1.o
silly asyncMap in gTP /root/.npm/geoip/0.4.0pre/___package.npm/package/build/default/src/init_1.o
silly asyncMap in gTP /root/.npm/geoip/0.4.0pre/___package.npm/package/build/default/src/utils_1.o
silly asyncMap in gTP /root/.npm/geoip/0.4.0pre/___package.npm/package/build/default/src/test_1.o
silly asyncMap in gTP /root/.npm/geoip/0.4.0pre/___package.npm/package/build/default/src/org_1.o
silly asyncMap in gTP /root/.npm/geoip/0.4.0pre/___package.npm/package/build/default/src/country_1.o
silly asyncMap in gTP /root/.npm/geoip/0.4.0pre/___package.npm/package/build/default/src/netspeed_1.o
silly asyncMap in gTP /root/.npm/geoip/0.4.0pre/___package.npm/package/build/default/src/region_1.o
verbose gunzed /root/.npm/geoip/0.4.0pre/___package.npm/package
verbose rm'ed /root/.npm/geoip/0.4.0pre/package
verbose renamed [ '/root/.npm/geoip/0.4.0pre/___package.npm/package',
verbose renamed   '/root/.npm/geoip/0.4.0pre/package' ]
verbose has wscript [ undefined,
verbose has wscript   { file: '/root/.npm/geoip/0.4.0pre/package/package.json',
verbose has wscript     contributors: false,
verbose has wscript     serverjs: false,
verbose has wscript     wscript: true } ]
silly testEngine { name: 'geoip',
silly testEngine   description: 'GeoIP client for node',
silly testEngine   version: '0.4.0pre',
silly testEngine   homepage: '',
silly testEngine   author: 
silly testEngine    { name: 'Guan \'kuno\' Qing',
silly testEngine      email: 'neokuno at Gmail dot com' },
silly testEngine   contributors: 
silly testEngine    [ { name: 'Vladimir Dronnikov',
silly testEngine        email: 'dronnikov@gmail.com' },
silly testEngine      { name: 'Konstantin K채fer',
silly testEngine        email: 'github@kkaefer.com' } ],
silly testEngine   repository: 
silly testEngine    { type: 'git',
silly testEngine      url: 'git://github.com/kuno/GeoIP.git' },
silly testEngine   bugs: 
silly testEngine    { email: 'neokuno@gmail.com',
silly testEngine      url: 'http://github.com/kuno/GeoIP/issues' },
silly testEngine   main: 'index.js',
silly testEngine   directory: 
silly testEngine    { src: './src',
silly testEngine      doc: './doc',
silly testEngine      lib: './lib',
silly testEngine      test: './test',
silly testEngine      misc: './misc',
silly testEngine      sample: './sample',
silly testEngine      benchmark: './benchmark' },
silly testEngine   engine: { node: '>=0.4.0', npm: '1' },
silly testEngine   script: 
silly testEngine    { preinstall: 'node-waf configure build link',
silly testEngine      test: '' },
silly testEngine   licences: 
silly testEngine    [ { type: 'LGPL2.1',
silly testEngine        url: 'http://www.gnu.org/licenses/lgpl-2.1.txt' } ],
silly testEngine   scripts: { preinstall: 'node-waf clean || true; node-waf configure build' },
silly testEngine   dependencies: {},
silly testEngine   devDependencies: {},
silly testEngine   _id: 'geoip@0.4.0pre',
silly testEngine   engines: { node: '*' },
silly testEngine   _engineSupported: true,
silly testEngine   _npmVersion: '1.0.6',
silly testEngine   _nodeVersion: 'v0.4.7',
silly testEngine   _defaultsLoaded: true,
silly testEngine   dist: { shasum: 'e1da2a3b19b888eb7aee5bfa6e3b5f4b818a79ee' } }
verbose caching /root/.npm/geoip/0.4.0pre/package/package.json
verbose loadDefaults geoip@0.4.0pre
silly updated sha bytes 40960
silly updated sha bytes 40960
silly updated sha bytes 40960
silly updated sha bytes 40960
silly updated sha bytes 40960
silly updated sha bytes 40960
silly updated sha bytes 40960
silly updated sha bytes 40960
silly updated sha bytes 40960
silly updated sha bytes 40960
silly updated sha bytes 40960
silly updated sha bytes 40960
silly updated sha bytes 40960
silly updated sha bytes 40960
silly updated sha bytes 40960
silly updated sha bytes 40960
silly updated sha bytes 40960
silly updated sha bytes 40960
silly updated sha bytes 40960
silly updated sha bytes 40960
silly updated sha bytes 40960
silly updated sha bytes 40960
silly updated sha bytes 40960
silly updated sha bytes 40960
silly updated sha bytes 40960
silly updated sha bytes 40960
silly updated sha bytes 40960
silly updated sha bytes 40960
silly updated sha bytes 40960
silly updated sha bytes 40960
silly updated sha bytes 40960
silly updated sha bytes 40960
silly updated sha bytes 40960
silly updated sha bytes 40960
silly updated sha bytes 40960
silly updated sha bytes 40960
silly updated sha bytes 40960
silly updated sha bytes 40960
silly updated sha bytes 40960
silly updated sha bytes 40960
silly updated sha bytes 40960
silly updated sha bytes 40960
silly updated sha bytes 40960
silly updated sha bytes 40960
silly updated sha bytes 40960
silly updated sha bytes 40960
silly updated sha bytes 40960
silly updated sha bytes 40960
silly updated sha bytes 40960
silly updated sha bytes 40960
silly updated sha bytes 40960
silly updated sha bytes 40960
silly updated sha bytes 40960
silly updated sha bytes 40960
silly updated sha bytes 40960
silly updated sha bytes 40960
silly updated sha bytes 40960
silly updated sha bytes 40960
silly updated sha bytes 40960
silly updated sha bytes 40960
silly updated sha bytes 40960
silly updated sha bytes 40960
silly updated sha bytes 40960
silly updated sha bytes 40960
silly updated sha bytes 40960
silly updated sha bytes 40960
silly updated sha bytes 40960
silly updated sha bytes 40960
silly updated sha bytes 40960
silly updated sha bytes 40960
silly updated sha bytes 40960
silly updated sha bytes 40960
silly updated sha bytes 40960
silly updated sha bytes 40960
silly updated sha bytes 40960
silly updated sha bytes 40960
silly updated sha bytes 40960
silly updated sha bytes 40960
silly updated sha bytes 40960
silly updated sha bytes 40960
silly updated sha bytes 40960
silly updated sha bytes 40960
silly updated sha bytes 40960
silly updated sha bytes 40960
silly updated sha bytes 40960
silly updated sha bytes 40960
silly updated sha bytes 40960
silly updated sha bytes 40960
silly updated sha bytes 40960
silly updated sha bytes 40960
silly updated sha bytes 40960
silly updated sha bytes 40960
silly updated sha bytes 40960
silly updated sha bytes 40960
silly updated sha bytes 40960
silly updated sha bytes 40960
silly updated sha bytes 40960
silly updated sha bytes 40960
silly updated sha bytes 40960
silly updated sha bytes 40960
silly updated sha bytes 40960
silly updated sha bytes 40960
silly updated sha bytes 40960
silly updated sha bytes 40960
silly updated sha bytes 40960
silly updated sha bytes 40960
silly updated sha bytes 40960
silly updated sha bytes 40960
silly updated sha bytes 40960
silly updated sha bytes 40960
silly updated sha bytes 40960
silly updated sha bytes 40960
silly updated sha bytes 40960
silly updated sha bytes 40960
silly updated sha bytes 40960
silly updated sha bytes 40960
silly updated sha bytes 40960
silly updated sha bytes 40960
silly updated sha bytes 40960
silly updated sha bytes 40960
silly updated sha bytes 40960
silly updated sha bytes 40960
silly updated sha bytes 40960
silly updated sha bytes 40960
silly updated sha bytes 40960
silly updated sha bytes 40960
silly updated sha bytes 40960
silly updated sha bytes 40960
silly updated sha bytes 40960
silly updated sha bytes 40960
silly updated sha bytes 40960
silly updated sha bytes 40960
silly updated sha bytes 40960
silly updated sha bytes 40960
silly updated sha bytes 40960
silly updated sha bytes 40960
silly updated sha bytes 40960
silly updated sha bytes 40960
silly updated sha bytes 40960
silly updated sha bytes 40960
silly updated sha bytes 40960
silly updated sha bytes 40960
silly updated sha bytes 40960
silly updated sha bytes 40960
silly updated sha bytes 40960
silly updated sha bytes 40960
silly updated sha bytes 40960
silly updated sha bytes 40960
silly updated sha bytes 40960
silly updated sha bytes 40960
silly updated sha bytes 40960
silly updated sha bytes 40960
silly updated sha bytes 40960
silly updated sha bytes 40960
silly updated sha bytes 40960
silly updated sha bytes 40960
silly updated sha bytes 40960
silly updated sha bytes 40960
silly updated sha bytes 40960
silly updated sha bytes 40960
silly updated sha bytes 40960
silly updated sha bytes 40960
silly updated sha bytes 40960
silly updated sha bytes 40960
silly updated sha bytes 40960
silly updated sha bytes 40960
silly updated sha bytes 40960
silly updated sha bytes 40960
silly updated sha bytes 40960
silly updated sha bytes 40960
silly updated sha bytes 40960
silly updated sha bytes 40960
silly updated sha bytes 40960
silly updated sha bytes 40960
silly updated sha bytes 40960
silly updated sha bytes 40960
silly updated sha bytes 40960
silly updated sha bytes 40960
silly updated sha bytes 40960
silly updated sha bytes 40960
silly updated sha bytes 40960
silly updated sha bytes 40960
silly updated sha bytes 40960
silly updated sha bytes 40960
silly updated sha bytes 40960
silly updated sha bytes 40960
silly updated sha bytes 40960
silly updated sha bytes 40960
silly updated sha bytes 40960
silly updated sha bytes 40960
silly updated sha bytes 40960
silly updated sha bytes 40960
silly updated sha bytes 40960
silly updated sha bytes 40960
silly updated sha bytes 40960
silly updated sha bytes 40960
silly updated sha bytes 40960
silly updated sha bytes 40960
silly updated sha bytes 40960
silly updated sha bytes 40960
silly updated sha bytes 40960
silly updated sha bytes 40960
silly updated sha bytes 40960
silly updated sha bytes 40960
silly updated sha bytes 40960
silly updated sha bytes 40960
silly updated sha bytes 40960
silly updated sha bytes 40960
silly updated sha bytes 40960
silly updated sha bytes 40960
silly updated sha bytes 40960
silly updated sha bytes 40960
silly updated sha bytes 40960
silly updated sha bytes 40960
silly updated sha bytes 40960
silly updated sha bytes 40960
silly updated sha bytes 40960
silly updated sha bytes 40960
silly updated sha bytes 40960
silly updated sha bytes 40960
silly updated sha bytes 40960
silly updated sha bytes 40960
silly updated sha bytes 40960
silly updated sha bytes 40960
silly updated sha bytes 40960
silly updated sha bytes 40960
silly updated sha bytes 40960
silly updated sha bytes 40960
silly updated sha bytes 40960
silly updated sha bytes 40960
silly updated sha bytes 40960
silly updated sha bytes 40960
silly updated sha bytes 40960
silly updated sha bytes 40960
silly updated sha bytes 40960
silly updated sha bytes 40960
silly updated sha bytes 40960
silly updated sha bytes 40960
silly updated sha bytes 40960
silly updated sha bytes 40960
silly updated sha bytes 40960
silly updated sha bytes 40960
silly updated sha bytes 40960
silly updated sha bytes 40960
silly updated sha bytes 40960
silly updated sha bytes 40960
silly updated sha bytes 40960
silly updated sha bytes 40960
silly updated sha bytes 40960
silly updated sha bytes 40960
silly updated sha bytes 40960
silly updated sha bytes 40960
silly updated sha bytes 40960
silly updated sha bytes 40960
silly updated sha bytes 40960
silly updated sha bytes 40960
silly updated sha bytes 40960
silly updated sha bytes 40960
silly updated sha bytes 40960
silly updated sha bytes 40960
silly updated sha bytes 40960
silly updated sha bytes 40960
silly updated sha bytes 40960
silly updated sha bytes 40960
silly updated sha bytes 40960
silly updated sha bytes 40960
silly updated sha bytes 40960
silly updated sha bytes 40960
silly updated sha bytes 40960
silly updated sha bytes 40960
silly updated sha bytes 40960
silly updated sha bytes 40960
silly updated sha bytes 40960
silly updated sha bytes 40960
silly updated sha bytes 40960
silly updated sha bytes 40960
silly updated sha bytes 40960
silly updated sha bytes 40960
silly updated sha bytes 40960
silly updated sha bytes 40960
silly updated sha bytes 40960
silly updated sha bytes 40960
silly updated sha bytes 40960
silly updated sha bytes 40960
silly updated sha bytes 40960
silly updated sha bytes 40960
silly updated sha bytes 40960
silly updated sha bytes 40960
silly updated sha bytes 40960
silly updated sha bytes 40960
silly updated sha bytes 40960
silly updated sha bytes 40960
silly updated sha bytes 40960
silly updated sha bytes 40960
silly updated sha bytes 40960
silly updated sha bytes 40960
silly updated sha bytes 40960
silly updated sha bytes 40960
silly updated sha bytes 40960
silly updated sha bytes 40960
silly updated sha bytes 40960
silly updated sha bytes 40960
silly updated sha bytes 40960
silly updated sha bytes 40960
silly updated sha bytes 40960
silly updated sha bytes 40960
silly updated sha bytes 40960
silly updated sha bytes 40960
silly updated sha bytes 40960
silly updated sha bytes 40960
silly updated sha bytes 40960
silly updated sha bytes 40960
silly updated sha bytes 40960
silly updated sha bytes 40960
silly updated sha bytes 40960
silly updated sha bytes 40960
silly updated sha bytes 40960
silly updated sha bytes 40960
silly updated sha bytes 40960
silly updated sha bytes 40960
silly updated sha bytes 40960
silly updated sha bytes 40960
silly updated sha bytes 40960
silly updated sha bytes 40960
silly updated sha bytes 40960
silly updated sha bytes 40960
silly updated sha bytes 40960
silly updated sha bytes 40960
silly updated sha bytes 40960
silly updated sha bytes 40960
silly updated sha bytes 40960
silly updated sha bytes 40960
silly updated sha bytes 40960
silly updated sha bytes 40960
silly updated sha bytes 40960
silly updated sha bytes 40960
silly updated sha bytes 40960
silly updated sha bytes 40960
silly updated sha bytes 40960
silly updated sha bytes 40960
silly updated sha bytes 40960
silly updated sha bytes 40960
silly updated sha bytes 40960
silly updated sha bytes 40960
silly updated sha bytes 40960
silly updated sha bytes 40960
silly updated sha bytes 40960
silly updated sha bytes 40960
silly updated sha bytes 40960
silly updated sha bytes 40960
silly updated sha bytes 40960
silly updated sha bytes 40960
silly updated sha bytes 40960
silly updated sha bytes 40960
silly updated sha bytes 40960
silly updated sha bytes 40960
silly updated sha bytes 40960
silly updated sha bytes 40960
silly updated sha bytes 40960
silly updated sha bytes 40960
silly updated sha bytes 40960
silly updated sha bytes 40960
silly updated sha bytes 40960
silly updated sha bytes 40960
silly updated sha bytes 40960
silly updated sha bytes 40960
silly updated sha bytes 40960
silly updated sha bytes 40960
silly updated sha bytes 40960
silly updated sha bytes 40960
silly updated sha bytes 40960
silly updated sha bytes 40960
silly updated sha bytes 40960
silly updated sha bytes 40960
silly updated sha bytes 40960
silly updated sha bytes 40960
silly updated sha bytes 40960
silly updated sha bytes 40960
silly updated sha bytes 40960
silly updated sha bytes 40960
silly updated sha bytes 40960
silly updated sha bytes 40960
silly updated sha bytes 40960
silly updated sha bytes 40960
silly updated sha bytes 40960
silly updated sha bytes 40960
silly updated sha bytes 40960
silly updated sha bytes 40960
silly updated sha bytes 40960
silly updated sha bytes 40960
silly updated sha bytes 40960
silly updated sha bytes 40960
silly updated sha bytes 40960
silly updated sha bytes 40960
silly updated sha bytes 40960
silly updated sha bytes 40960
silly updated sha bytes 40960
silly updated sha bytes 40960
silly updated sha bytes 40960
silly updated sha bytes 40960
silly updated sha bytes 40960
silly updated sha bytes 40960
silly updated sha bytes 40960
silly updated sha bytes 40960
silly updated sha bytes 40960
silly updated sha bytes 40960
silly updated sha bytes 40960
silly updated sha bytes 40960
silly updated sha bytes 40960
silly updated sha bytes 40960
silly updated sha bytes 40960
silly updated sha bytes 40960
silly updated sha bytes 40960
silly updated sha bytes 40960
silly updated sha bytes 40960
silly updated sha bytes 40960
silly updated sha bytes 40960
silly updated sha bytes 40960
silly updated sha bytes 40960
silly updated sha bytes 40960
silly updated sha bytes 40960
silly updated sha bytes 40960
silly updated sha bytes 40960
silly updated sha bytes 40960
silly updated sha bytes 40960
silly updated sha bytes 40960
silly updated sha bytes 40960
silly updated sha bytes 40960
silly updated sha bytes 40960
silly updated sha bytes 40960
silly updated sha bytes 40960
silly updated sha bytes 40960
silly updated sha bytes 40960
silly updated sha bytes 40960
silly updated sha bytes 40960
silly updated sha bytes 40960
silly updated sha bytes 40960
silly updated sha bytes 40960
silly updated sha bytes 40960
silly updated sha bytes 40960
silly updated sha bytes 40960
silly updated sha bytes 40960
silly updated sha bytes 40960
silly updated sha bytes 40960
silly updated sha bytes 40960
silly updated sha bytes 40960
silly updated sha bytes 40960
silly updated sha bytes 40960
silly updated sha bytes 40960
silly updated sha bytes 40960
silly updated sha bytes 40960
silly updated sha bytes 40960
silly updated sha bytes 40960
silly updated sha bytes 40960
silly updated sha bytes 40960
silly updated sha bytes 40960
silly updated sha bytes 40960
silly updated sha bytes 40960
silly updated sha bytes 40960
silly updated sha bytes 40960
silly updated sha bytes 40960
silly updated sha bytes 40960
silly updated sha bytes 40960
silly updated sha bytes 40960
silly updated sha bytes 40960
silly updated sha bytes 40960
silly updated sha bytes 40960
silly updated sha bytes 40960
silly updated sha bytes 40960
silly updated sha bytes 40960
silly updated sha bytes 40960
silly updated sha bytes 40960
silly updated sha bytes 40960
silly updated sha bytes 40960
silly updated sha bytes 40960
silly updated sha bytes 40960
silly updated sha bytes 40960
silly updated sha bytes 40960
silly updated sha bytes 40960
silly updated sha bytes 40960
silly updated sha bytes 40960
silly updated sha bytes 40960
silly updated sha bytes 40960
silly updated sha bytes 40960
silly updated sha bytes 40960
silly updated sha bytes 40960
silly updated sha bytes 40960
silly updated sha bytes 40960
silly updated sha bytes 40960
silly updated sha bytes 40960
silly updated sha bytes 40960
silly updated sha bytes 40960
silly updated sha bytes 40960
silly updated sha bytes 40960
silly updated sha bytes 40960
silly updated sha bytes 40960
silly updated sha bytes 40960
silly updated sha bytes 40960
silly updated sha bytes 40960
silly updated sha bytes 40960
silly updated sha bytes 40960
silly updated sha bytes 40960
silly updated sha bytes 40960
silly updated sha bytes 40960
silly updated sha bytes 40960
silly updated sha bytes 40960
silly updated sha bytes 40960
silly updated sha bytes 40960
silly updated sha bytes 40960
silly updated sha bytes 40960
silly updated sha bytes 40960
silly updated sha bytes 40960
silly updated sha bytes 40960
silly updated sha bytes 40960
silly updated sha bytes 40960
silly updated sha bytes 40960
silly updated sha bytes 40960
silly updated sha bytes 40960
silly updated sha bytes 40960
silly updated sha bytes 40960
silly updated sha bytes 40960
silly updated sha bytes 40960
silly updated sha bytes 40960
silly updated sha bytes 40960
silly updated sha bytes 40960
silly updated sha bytes 40960
silly updated sha bytes 40960
silly updated sha bytes 40960
silly updated sha bytes 40960
silly updated sha bytes 40960
silly updated sha bytes 40960
silly updated sha bytes 40960
silly updated sha bytes 40960
silly updated sha bytes 40960
silly updated sha bytes 40960
silly updated sha bytes 40960
silly updated sha bytes 40960
silly updated sha bytes 40960
silly updated sha bytes 40960
silly updated sha bytes 40960
silly updated sha bytes 40960
silly updated sha bytes 40960
silly updated sha bytes 40960
silly updated sha bytes 40960
silly updated sha bytes 40960
silly updated sha bytes 40960
silly updated sha bytes 40960
silly updated sha bytes 40960
silly updated sha bytes 40960
silly updated sha bytes 40960
silly updated sha bytes 40960
silly updated sha bytes 40960
silly updated sha bytes 40960
silly updated sha bytes 40960
silly updated sha bytes 40960
silly updated sha bytes 40960
silly updated sha bytes 40960
silly updated sha bytes 40960
silly updated sha bytes 40960
silly updated sha bytes 40960
silly updated sha bytes 40960
silly updated sha bytes 40960
silly updated sha bytes 18607
info shasum e1da2a3b19b888eb7aee5bfa6e3b5f4b818a79ee
info shasum /root/.npm/geoip/0.4.0pre/package.tgz
verbose from cache /root/.npm/geoip/0.4.0pre/package/package.json
verbose chmod /root/.npm/geoip/0.4.0pre/package.json 644
verbose chmod /root/.npm/geoip/0.4.0pre/package.tgz 644
silly resolved [ { name: 'geoip',
silly resolved     description: 'GeoIP client for node',
silly resolved     version: '0.4.0pre',
silly resolved     homepage: '',
silly resolved     author: 
silly resolved      { name: 'Guan \'kuno\' Qing',
silly resolved        email: 'neokuno at Gmail dot com' },
silly resolved     contributors: 
silly resolved      [ { name: 'Vladimir Dronnikov',
silly resolved          email: 'dronnikov@gmail.com' },
silly resolved        { name: 'Konstantin K채fer',
silly resolved          email: 'github@kkaefer.com' } ],
silly resolved     repository: 
silly resolved      { type: 'git',
silly resolved        url: 'git://github.com/kuno/GeoIP.git' },
silly resolved     bugs: 
silly resolved      { email: 'neokuno@gmail.com',
silly resolved        url: 'http://github.com/kuno/GeoIP/issues' },
silly resolved     main: 'index.js',
silly resolved     directory: 
silly resolved      { src: './src',
silly resolved        doc: './doc',
silly resolved        lib: './lib',
silly resolved        test: './test',
silly resolved        misc: './misc',
silly resolved        sample: './sample',
silly resolved        benchmark: './benchmark' },
silly resolved     engine: { node: '>=0.4.0', npm: '1' },
silly resolved     script: 
silly resolved      { preinstall: 'node-waf configure build link',
silly resolved        test: '' },
silly resolved     licences: 
silly resolved      [ { type: 'LGPL2.1',
silly resolved          url: 'http://www.gnu.org/licenses/lgpl-2.1.txt' } ],
silly resolved     scripts: { preinstall: 'node-waf clean || true; node-waf configure build' },
silly resolved     dependencies: {},
silly resolved     devDependencies: {},
silly resolved     _id: 'geoip@0.4.0pre',
silly resolved     engines: { node: '*' },
silly resolved     _engineSupported: true,
silly resolved     _npmVersion: '1.0.6',
silly resolved     _nodeVersion: 'v0.4.7',
silly resolved     _defaultsLoaded: true,
silly resolved     dist: { shasum: 'e1da2a3b19b888eb7aee5bfa6e3b5f4b818a79ee' } } ]
info into /usr/lib geoip@0.4.0pre
info installOne geoip@0.4.0pre
info unbuild /usr/lib/node_modules/geoip
silly testEngine { name: 'geoip',
silly testEngine   description: 'GeoIP client for node',
silly testEngine   version: '0.3.4-1',
silly testEngine   homepage: '',
silly testEngine   author: 
silly testEngine    { name: 'Guan \'kuno\' Qing',
silly testEngine      email: 'neokuno at Gmail dot com' },
silly testEngine   contributors: 
silly testEngine    [ { name: 'Vladimir Dronnikov',
silly testEngine        email: 'dronnikov@gmail.com' },
silly testEngine      { name: 'Konstantin K채fer',
silly testEngine        email: 'github@kkaefer.com' } ],
silly testEngine   repository: 
silly testEngine    { type: 'git',
silly testEngine      url: 'git://github.com/kuno/GeoIP.git' },
silly testEngine   bugs: 
silly testEngine    { email: 'neokuno@gmail.com',
silly testEngine      url: 'http://github.com/kuno/GeoIP/issues' },
silly testEngine   main: 'index.js',
silly testEngine   directory: 
silly testEngine    { doc: './doc',
silly testEngine      data: './data',
silly testEngine      lib: './lib',
silly testEngine      test: './test',
silly testEngine      misc: './misc',
silly testEngine      sample: './sample',
silly testEngine      include: './include',
silly testEngine      benchmark: './benchmark' },
silly testEngine   engine: { node: '>=0.2.1' },
silly testEngine   licences: 
silly testEngine    [ { type: 'LGPL2.1',
silly testEngine        url: 'http://www.gnu.org/licenses/lgpl-2.1.txt' } ],
silly testEngine   dependencies: {},
silly testEngine   devDependencies: {},
silly testEngine   _id: 'geoip@0.3.4-1',
silly testEngine   engines: { node: '*' },
silly testEngine   _engineSupported: true,
silly testEngine   _npmVersion: '1.0.6',
silly testEngine   _nodeVersion: 'v0.4.7',
silly testEngine   _defaultsLoaded: true,
silly testEngine   scripts: {} }
verbose caching /usr/lib/node_modules/geoip/package.json
verbose loadDefaults geoip@0.3.4-1
info preuninstall geoip@0.3.4-1
info uninstall geoip@0.3.4-1
verbose unbuild geoip@0.3.4-1 [ true,
verbose unbuild geoip@0.3.4-1   '/usr/lib/node_modules',
verbose unbuild geoip@0.3.4-1   '/usr/lib/node_modules' ]
info postuninstall geoip@0.3.4-1
silly testEngine { name: 'geoip',
silly testEngine   description: 'GeoIP client for node',
silly testEngine   version: '0.4.0pre',
silly testEngine   homepage: '',
silly testEngine   author: 
silly testEngine    { name: 'Guan \'kuno\' Qing',
silly testEngine      email: 'neokuno at Gmail dot com' },
silly testEngine   contributors: 
silly testEngine    [ { name: 'Vladimir Dronnikov',
silly testEngine        email: 'dronnikov@gmail.com' },
silly testEngine      { name: 'Konstantin K채fer',
silly testEngine        email: 'github@kkaefer.com' } ],
silly testEngine   repository: 
silly testEngine    { type: 'git',
silly testEngine      url: 'git://github.com/kuno/GeoIP.git' },
silly testEngine   bugs: 
silly testEngine    { email: 'neokuno@gmail.com',
silly testEngine      url: 'http://github.com/kuno/GeoIP/issues' },
silly testEngine   main: 'index.js',
silly testEngine   directory: 
silly testEngine    { src: './src',
silly testEngine      doc: './doc',
silly testEngine      lib: './lib',
silly testEngine      test: './test',
silly testEngine      misc: './misc',
silly testEngine      sample: './sample',
silly testEngine      benchmark: './benchmark' },
silly testEngine   engine: { node: '>=0.4.0', npm: '1' },
silly testEngine   script: 
silly testEngine    { preinstall: 'node-waf configure build link',
silly testEngine      test: '' },
silly testEngine   licences: 
silly testEngine    [ { type: 'LGPL2.1',
silly testEngine        url: 'http://www.gnu.org/licenses/lgpl-2.1.txt' } ],
silly testEngine   scripts: { preinstall: 'node-waf clean || true; node-waf configure build' },
silly testEngine   dependencies: {},
silly testEngine   devDependencies: {},
silly testEngine   _id: 'geoip@0.4.0pre',
silly testEngine   engines: { node: '*' },
silly testEngine   _engineSupported: true,
silly testEngine   _npmVersion: '1.0.6',
silly testEngine   _nodeVersion: 'v0.4.7',
silly testEngine   _defaultsLoaded: true,
silly testEngine   dist: { shasum: 'e1da2a3b19b888eb7aee5bfa6e3b5f4b818a79ee' } }
verbose caching /root/.npm/geoip/0.4.0pre/package.json
silly exec /usr/bin/node "/usr/lib/node_modules/npm/bin/npm-get-uid-gid.js" "kuno" 0
silly output from getuid/gid {"uid":1000,"gid":0}
silly output from getuid/gid 
verbose mkdir done: /usr/lib/node_modules/___geoip.npm 755
verbose unpack_ uid, gid [ 1000, 0 ]
verbose unpackTarget /usr/lib/node_modules/geoip
silly gunzTarPerm modes [ '755', '644' ]
verbose success tar "-mvxpf" "-" "--no-same-owner" "-C" "/usr/lib/node_modules/___geoip.npm"
verbose success gzip "--decompress" "--stdout" "/root/.npm/geoip/0.4.0pre/package.tgz"
silly asyncMap in gTP /usr/lib/node_modules/___geoip.npm/package/
silly asyncMap in gTP /usr/lib/node_modules/___geoip.npm/package/LICENCE
silly asyncMap in gTP /usr/lib/node_modules/___geoip.npm/package/.gitignore
silly asyncMap in gTP /usr/lib/node_modules/___geoip.npm/package/.npmignore
silly asyncMap in gTP /usr/lib/node_modules/___geoip.npm/package/wscript
silly asyncMap in gTP /usr/lib/node_modules/___geoip.npm/package/package.json
silly asyncMap in gTP /usr/lib/node_modules/___geoip.npm/package/index.js
silly asyncMap in gTP /usr/lib/node_modules/___geoip.npm/package/src/
silly asyncMap in gTP /usr/lib/node_modules/___geoip.npm/package/src/utils.cc
silly asyncMap in gTP /usr/lib/node_modules/___geoip.npm/package/src/utils.h
silly asyncMap in gTP /usr/lib/node_modules/___geoip.npm/package/src/netspeed.h
silly asyncMap in gTP /usr/lib/node_modules/___geoip.npm/package/src/region.h
silly asyncMap in gTP /usr/lib/node_modules/___geoip.npm/package/src/city.h
silly asyncMap in gTP /usr/lib/node_modules/___geoip.npm/package/src/init.cc
silly asyncMap in gTP /usr/lib/node_modules/___geoip.npm/package/src/country.h
silly asyncMap in gTP /usr/lib/node_modules/___geoip.npm/package/src/node_geoip.h
silly asyncMap in gTP /usr/lib/node_modules/___geoip.npm/package/src/region.cc
silly asyncMap in gTP /usr/lib/node_modules/___geoip.npm/package/src/country.cc
silly asyncMap in gTP /usr/lib/node_modules/___geoip.npm/package/src/org.h
silly asyncMap in gTP /usr/lib/node_modules/___geoip.npm/package/src/test.cc
silly asyncMap in gTP /usr/lib/node_modules/___geoip.npm/package/src/test.h
silly asyncMap in gTP /usr/lib/node_modules/___geoip.npm/package/src/netspeed.cc
silly asyncMap in gTP /usr/lib/node_modules/___geoip.npm/package/src/org.cc
silly asyncMap in gTP /usr/lib/node_modules/___geoip.npm/package/src/city.cc
silly asyncMap in gTP /usr/lib/node_modules/___geoip.npm/package/doc/
silly asyncMap in gTP /usr/lib/node_modules/___geoip.npm/package/doc/netspeed.md
silly asyncMap in gTP /usr/lib/node_modules/___geoip.npm/package/doc/region.md
silly asyncMap in gTP /usr/lib/node_modules/___geoip.npm/package/doc/city.md
silly asyncMap in gTP /usr/lib/node_modules/___geoip.npm/package/doc/org.md
silly asyncMap in gTP /usr/lib/node_modules/___geoip.npm/package/doc/country.md
silly asyncMap in gTP /usr/lib/node_modules/___geoip.npm/package/doc/doc_tail.html
silly asyncMap in gTP /usr/lib/node_modules/___geoip.npm/package/doc/doc_header.html
silly asyncMap in gTP /usr/lib/node_modules/___geoip.npm/package/sample/
silly asyncMap in gTP /usr/lib/node_modules/___geoip.npm/package/sample/sample.js
silly asyncMap in gTP /usr/lib/node_modules/___geoip.npm/package/test/
silly asyncMap in gTP /usr/lib/node_modules/___geoip.npm/package/test/utils.js
silly asyncMap in gTP /usr/lib/node_modules/___geoip.npm/package/test/netspeed.js
silly asyncMap in gTP /usr/lib/node_modules/___geoip.npm/package/test/region.js
silly asyncMap in gTP /usr/lib/node_modules/___geoip.npm/package/test/city.js
silly asyncMap in gTP /usr/lib/node_modules/___geoip.npm/package/test/core
silly asyncMap in gTP /usr/lib/node_modules/___geoip.npm/package/test/test.sh
silly asyncMap in gTP /usr/lib/node_modules/___geoip.npm/package/test/org.js
silly asyncMap in gTP /usr/lib/node_modules/___geoip.npm/package/test/neco_test.sh
silly asyncMap in gTP /usr/lib/node_modules/___geoip.npm/package/test/country.js
silly asyncMap in gTP /usr/lib/node_modules/___geoip.npm/package/benchmark/
silly asyncMap in gTP /usr/lib/node_modules/___geoip.npm/package/benchmark/test.js
silly asyncMap in gTP /usr/lib/node_modules/___geoip.npm/package/benchmark/index.coffee
silly asyncMap in gTP /usr/lib/node_modules/___geoip.npm/package/benchmark/city.old.js
silly asyncMap in gTP /usr/lib/node_modules/___geoip.npm/package/benchmark/city.coffee
silly asyncMap in gTP /usr/lib/node_modules/___geoip.npm/package/benchmark/netspeed.js
silly asyncMap in gTP /usr/lib/node_modules/___geoip.npm/package/benchmark/region.js
silly asyncMap in gTP /usr/lib/node_modules/___geoip.npm/package/benchmark/city.js
silly asyncMap in gTP /usr/lib/node_modules/___geoip.npm/package/benchmark/org.js
silly asyncMap in gTP /usr/lib/node_modules/___geoip.npm/package/benchmark/country.js
silly asyncMap in gTP /usr/lib/node_modules/___geoip.npm/package/build/
silly asyncMap in gTP /usr/lib/node_modules/___geoip.npm/package/build/.wafpickle-7
silly asyncMap in gTP /usr/lib/node_modules/___geoip.npm/package/build/config.log
silly asyncMap in gTP /usr/lib/node_modules/___geoip.npm/package/build/c4che/
silly asyncMap in gTP /usr/lib/node_modules/___geoip.npm/package/build/c4che/default.cache.py
silly asyncMap in gTP /usr/lib/node_modules/___geoip.npm/package/build/c4che/build.config.py
silly asyncMap in gTP /usr/lib/node_modules/___geoip.npm/package/build/default/
silly asyncMap in gTP /usr/lib/node_modules/___geoip.npm/package/build/default/geoip.node
silly asyncMap in gTP /usr/lib/node_modules/___geoip.npm/package/build/default/src/
silly asyncMap in gTP /usr/lib/node_modules/___geoip.npm/package/build/default/src/city_1.o
silly asyncMap in gTP /usr/lib/node_modules/___geoip.npm/package/build/default/src/init_1.o
silly asyncMap in gTP /usr/lib/node_modules/___geoip.npm/package/build/default/src/utils_1.o
silly asyncMap in gTP /usr/lib/node_modules/___geoip.npm/package/build/default/src/test_1.o
silly asyncMap in gTP /usr/lib/node_modules/___geoip.npm/package/build/default/src/org_1.o
silly asyncMap in gTP /usr/lib/node_modules/___geoip.npm/package/build/default/src/country_1.o
silly asyncMap in gTP /usr/lib/node_modules/___geoip.npm/package/build/default/src/netspeed_1.o
silly asyncMap in gTP /usr/lib/node_modules/___geoip.npm/package/build/default/src/region_1.o
verbose gunzed /usr/lib/node_modules/___geoip.npm/package
verbose rm'ed /usr/lib/node_modules/geoip
verbose renamed [ '/usr/lib/node_modules/___geoip.npm/package',
verbose renamed   '/usr/lib/node_modules/geoip' ]
verbose from cache /usr/lib/node_modules/geoip/package.json
info preinstall geoip@0.4.0pre
verbose unsafe-perm in lifecycle false
verbose Setting uid from 0 kuno
verbose stack at uid setting Error
verbose stack at uid setting     at exec (/usr/lib/node_modules/npm/lib/utils/exec.js:35:17)
verbose stack at uid setting     at Array.0 (/usr/lib/node_modules/npm/lib/utils/lifecycle.js:105:5)
verbose stack at uid setting     at EventEmitter._tickCallback (node.js:126:26)
silly exec sh "-c" "node-waf clean || true; node-waf configure build"
info geoip@0.4.0pre Failed to exec preinstall script
ERR! error installing geoip@0.4.0pre Error: geoip@0.4.0pre preinstall: `node-waf clean || true; node-waf configure build`
ERR! error installing geoip@0.4.0pre `sh "-c" "node-waf clean || true; node-waf configure build"` failed with 1
ERR! error installing geoip@0.4.0pre     at ChildProcess.<anonymous> (/usr/lib/node_modules/npm/lib/utils/exec.js:49:20)
ERR! error installing geoip@0.4.0pre     at ChildProcess.emit (events.js:67:17)
ERR! error installing geoip@0.4.0pre     at ChildProcess.onexit (child_process.js:192:12)
info unbuild /usr/lib/node_modules/geoip
verbose from cache /usr/lib/node_modules/geoip/package.json
info preuninstall geoip@0.3.4-1
info uninstall geoip@0.3.4-1
verbose unbuild geoip@0.3.4-1 [ true,
verbose unbuild geoip@0.3.4-1   '/usr/lib/node_modules',
verbose unbuild geoip@0.3.4-1   '/usr/lib/node_modules' ]
info postuninstall geoip@0.3.4-1
verbose installOne cb geoip@0.4.0pre
ERR! geoip@0.4.0pre preinstall: `node-waf clean || true; node-waf configure build`
ERR! `sh "-c" "node-waf clean || true; node-waf configure build"` failed with 1
ERR! 
ERR! Failed at the geoip@0.4.0pre preinstall script.
ERR! This is most likely a problem with the geoip package,
ERR! not with npm itself.
ERR! Tell the author that this fails on your system:
ERR!     node-waf clean || true; node-waf configure build
ERR! You can get their info via:
ERR!     npm owner ls geoip
ERR! There is likely additional logging output above.
ERR! 
ERR! System Linux 2.6.38-ARCH
ERR! command "node" "/usr/bin/npm" "install" "-g" "."
verbose exit [ 1, true ]
